 0 : S := S + 'EOF expected';
 1 : S := S + 'ident expected';
 2 : S := S + 'number expected';
 3 : S := S + 'string expected';
 4 : S := S + 'Special expected';
 5 : S := S + '"TABLEGROUP" expected';
 6 : S := S + '"{" expected';
 7 : S := S + '"}" expected';
 8 : S := S + '"TASKGROUP" expected';
 9 : S := S + '"VIEWGROUP" expected';
 10 : S := S + '"VIEW" expected';
 11 : S := S + '"PLUGIN" expected';
 12 : S := S + '"IS" expected';
 13 : S := S + '"DATABASE" expected';
 14 : S := S + '"FETCH" expected';
 15 : S := S + '"=" expected';
 16 : S := S + '"(" expected';
 17 : S := S + '")" expected';
 18 : S := S + '"FROM" expected';
 19 : S := S + '"WHERE" expected';
 20 : S := S + '"TASK" expected';
 21 : S := S + '"DATASET" expected';
 22 : S := S + '"MASTER" expected';
 23 : S := S + '"BY" expected';
 24 : S := S + '"," expected';
 25 : S := S + '"TABLE" expected';
 26 : S := S + '"AUTOCREATE" expected';
 27 : S := S + '"LOGEXEC" expected';
 28 : S := S + '"LOGTIME" expected';
 29 : S := S + '"COUNTFIRST" expected';
 30 : S := S + '"NEEDLOCK" expected';
 31 : S := S + '"MULTIDATABASE" expected';
 32 : S := S + '"OWNER" expected';
 33 : S := S + '"USERFIELD" expected';
 34 : S := S + '"STATE" expected';
 35 : S := S + '"FIELD" expected';
 36 : S := S + '"PROFILE" expected';
 37 : S := S + '"USERGROUP" expected';
 38 : S := S + '"REPORT" expected';
 39 : S := S + '"PRIMARY" expected';
 40 : S := S + '"KEY" expected';
 41 : S := S + '"ANALYZEFIELD" expected';
 42 : S := S + '"TRIGGER" expected';
 43 : S := S + '"PROGRAM" expected';
 44 : S := S + '"TO" expected';
 45 : S := S + '"ALL" expected';
 46 : S := S + '"HINT" expected';
 47 : S := S + '"IMAGEINDEX" expected';
 48 : S := S + '"QUERY" expected';
 49 : S := S + '"COMBIN" expected';
 50 : S := S + '"ANALYZE" expected';
 51 : S := S + '"ROW" expected';
 52 : S := S + '"COL" expected';
 53 : S := S + '"SUM" expected';
 54 : S := S + '"COUNT" expected';
 55 : S := S + '"CAL" expected';
 56 : S := S + '"RANGE" expected';
 57 : S := S + '";" expected';
 58 : S := S + '"<" expected';
 59 : S := S + '"VALUE" expected';
 60 : S := S + '">" expected';
 61 : S := S + '"READONLY" expected';
 62 : S := S + '"WRITEONLY" expected';
 63 : S := S + '"DEFAULT" expected';
 64 : S := S + '"DISABLE" expected';
 65 : S := S + '"ENABLE" expected';
 66 : S := S + '"COLOR" expected';
 67 : S := S + '"FOR" expected';
 68 : S := S + '"SELF" expected';
 69 : S := S + '"ORDER" expected';
 70 : S := S + '"CLASS" expected';
 71 : S := S + '"GROUP" expected';
 72 : S := S + '"SPERATE" expected';
 73 : S := S + '"ON" expected';
 74 : S := S + '"DETAIL" expected';
 75 : S := S + '"AFTER" expected';
 76 : S := S + '"LOOKUP" expected';
 77 : S := S + '"OF" expected';
 78 : S := S + '"SAME_PROFILE" expected';
 79 : S := S + '"PROMPT1" expected';
 80 : S := S + '"PROMPT2" expected';
 81 : S := S + '"PROMPT3" expected';
 82 : S := S + '"PROMPT4" expected';
 83 : S := S + '"PROMPT5" expected';
 84 : S := S + '"PROMPT" expected';
 85 : S := S + '"VALUES" expected';
 86 : S := S + '"NOT" expected';
 87 : S := S + '"NULL" expected';
 88 : S := S + '"MIN" expected';
 89 : S := S + '"MINIMUM" expected';
 90 : S := S + '"MAX" expected';
 91 : S := S + '"MAXIMUM" expected';
 92 : S := S + '"ASC" expected';
 93 : S := S + '"ASCENDING" expected';
 94 : S := S + '"DESC" expected';
 95 : S := S + '"DESCENDING" expected';
 96 : S := S + '"CONTROL" expected';
 97 : S := S + '"PICTUREMASK" expected';
 98 : S := S + '"CAN" expected';
 99 : S := S + '"AUTO" expected';
 100 : S := S + '"REMMBER" expected';
 101 : S := S + '"TREEFIELD" expected';
 102 : S := S + '"WIDTHINGRID" expected';
 103 : S := S + '"WIDTHINDIALOG" expected';
 104 : S := S + '"DISPLAY" expected';
 105 : S := S + '"SMALLINT" expected';
 106 : S := S + '"INTEGER" expected';
 107 : S := S + '"INT" expected';
 108 : S := S + '"LARGEINT" expected';
 109 : S := S + '"DATE" expected';
 110 : S := S + '"BOOLEAN" expected';
 111 : S := S + '"TIME" expected';
 112 : S := S + '"TIMESTAMP" expected';
 113 : S := S + '"MONEY" expected';
 114 : S := S + '"AUTOINC" expected';
 115 : S := S + '"BLOB" expected';
 116 : S := S + '"MEMO" expected';
 117 : S := S + '"CHAR" expected';
 118 : S := S + '"CHARACTER" expected';
 119 : S := S + '"VARCHAR" expected';
 120 : S := S + '"DECIMAL" expected';
 121 : S := S + '"NUMERIC" expected';
 122 : S := S + '"FLOAT" expected';
 123 : S := S + '"BYTES" expected';
 124 : S := S + 'not expected';
 125 : S := S + 'invalid FieldType';
 126 : S := S + 'invalid FieldItem';
 127 : S := S + 'invalid FieldItem';
 128 : S := S + 'invalid FieldItem';
 129 : S := S + 'invalid FieldItem';
 130 : S := S + 'invalid FieldItem';
 131 : S := S + 'invalid UserItem';
 132 : S := S + 'invalid ColumnDefine';
 133 : S := S + 'invalid AnalyzeItem';
 134 : S := S + 'invalid QueryItem';
 135 : S := S + 'invalid FieldCollection';
 136 : S := S + 'invalid FieldCollection';
 137 : S := S + 'invalid FieldCollection';
 138 : S := S + 'invalid FieldCollection';
 139 : S := S + 'invalid FieldCollection';
 140 : S := S + 'invalid ReportItem';
 141 : S := S + 'invalid TableStateItem';
 142 : S := S + 'invalid TableStateItem';
 143 : S := S + 'invalid TableStateItem';
 144 : S := S + 'invalid TableItem';

