p_DicomShowSnimki STARTED ...
CreateHandle ...
DicomServerCoreCREATE ...
p_showSnimkiDicom ...
DicomServerCoreFREE ...
ERROR : Нарушение доступа по адресу 0F7BB35A в модуле 'DICOM_Viewer.dll'. Чтение по адресу 134DDAD3
ERROR : Нарушение доступа по адресу 0F7B5B1A в модуле 'DICOM_Viewer.dll'. Чтение по адресу 0E24DABC
p_DicomShowSnimki STARTED ...
CreateHandle ...
DicomServerCoreCREATE ...
p_showSnimkiDicom ...
DicomServerCoreFREE ...
p_DicomShowSnimki STARTED ...
CreateHandle ...
DicomServerCoreCREATE ...
p_showSnimkiDicom ...
DicomServerCoreFREE ...
p_DicomShowSnimki STARTED ...
CreateHandle ...
DicomServerCoreCREATE ...
p_showSnimkiDicom ...
DicomServerCoreFREE ...
p_DicomShowSnimki STARTED ...
CreateHandle ...
DicomServerCoreCREATE ...
p_showSnimkiDicom ...
DicomServerCoreFREE ...
p_DicomShowSnimki STARTED ...
CreateHandle ...
DicomServerCoreCREATE ...
p_showSnimkiDicom ...
DicomServerCoreFREE ...
p_DicomShowSnimki STARTED ...
CreateHandle ...
DicomServerCoreCREATE ...
p_showSnimkiDicom ...
DicomServerCoreFREE ...
p_DicomShowSnimki STARTED ...
CreateHandle ...
DicomServerCoreCREATE ...
p_showSnimkiDicom ...
DicomServerCoreFREE ...
ERROR : Can Not Load V3DProject.dll
, Error:Не найден указанный модуль
p_DicomShowSnimki STARTED ...
CreateHandle ...
DicomServerCoreCREATE ...
p_showSnimkiDicom ...
DicomServerCoreFREE ...
ERROR : Can Not Load V3DProject.dll
, Error:Не найден указанный модуль
p_DicomShowSnimki STARTED ...
CreateHandle ...
DicomServerCoreCREATE ...
p_showSnimkiDicom ...
DicomServerCoreFREE ...
ERROR : Can Not Load V3DProject.dll
, Error:Не найден указанный модуль
p_DicomShowSnimki STARTED ...
CreateHandle ...
DicomServerCoreCREATE ...
p_showSnimkiDicom ...
p_DicomShowSnimki STARTED ...
CreateHandle ...
DicomServerCoreCREATE ...
p_showSnimkiDicom ...
p_DicomShowSnimki STARTED ...
CreateHandle ...
DicomServerCoreCREATE ...
p_showSnimkiDicom ...
DicomServerCoreFREE ...
p_DicomShowSnimki STARTED ...
CreateHandle ...
DicomServerCoreCREATE ...
p_showSnimkiDicom ...
