16.12.2014 15:28:59 STUDY
16.12.2014 15:28:59 dStudyInstanceUID=ST26362920.2014.12.16.15.25.42.979_967
16.12.2014 15:29:09 STUDY
16.12.2014 15:29:09 dStudyInstanceUID=ST26362920.2014.12.16.15.25.42.979
16.12.2014 15:29:18 STUDY
16.12.2014 15:29:18 dStudyInstanceUID=ST26362920.2014.12.16.15.25.42.979_966
16.12.2014 15:29:35 STUDY
16.12.2014 15:29:35 dStudyInstanceUID=ST26362920.2014.12.16.15.25.42.979_967
16.12.2014 15:40:55 STUDY
16.12.2014 15:40:55 dStudyInstanceUID=ST26362920.2014.12.16.15.25.42.979
19.12.2014 11:16:08 STUDY
19.12.2014 11:16:08 dStudyInstanceUID=ST9732824.2014.12.17.10.47.11.482
14.01.2015 14:32:41 STUDY
14.01.2015 14:32:41 dStudyInstanceUID=ST22089055.2015.1.14.14.17.12.738
31.03.2015 9:58:25 STUDY
31.03.2015 9:58:25 dStudyInstanceUID=2014.03.21.14.41.01.50370
31.03.2015 9:59:49 STUDY
31.03.2015 9:59:49 dStudyInstanceUID=1.2.840.113704.1.111.4588.1421305681.10
31.03.2015 10:00:06 STUDY
31.03.2015 10:00:06 dStudyInstanceUID=1.2.840.113704.1.111.4588.1421305681.10
31.03.2015 10:00:09 STUDY
31.03.2015 10:00:09 dStudyInstanceUID=1.2.840.113704.1.111.4588.1421305681.10
31.03.2015 15:26:38 STUDY
31.03.2015 15:26:38 dStudyInstanceUID=1.2.840.113663.1500.1.197934949.1.1.20140812.162404.15_89
31.03.2015 15:28:36 STUDY
31.03.2015 15:28:36 dStudyInstanceUID=ST7741034.2014.11.11.10.6.24.83
31.03.2015 15:30:24 STUDY
31.03.2015 15:30:24 dStudyInstanceUID=ST7741034.2014.11.11.10.6.24.83
31.03.2015 15:32:08 STUDY
31.03.2015 15:32:08 dStudyInstanceUID=1.2.840.113619.2.21.848.246800003.0.1952805748.3
31.03.2015 15:37:21 STUDY
31.03.2015 15:37:21 dStudyInstanceUID=1.2.840.113619.2.21.848.246800003.0.1952805748.3
31.03.2015 15:37:33 STUDY
31.03.2015 15:37:33 dStudyInstanceUID=2014.03.21.14.41.01.50370
31.03.2015 15:37:46 STUDY
31.03.2015 15:37:46 dStudyInstanceUID=1.2.840.113704.1.111.4588.1421305681.10
31.03.2015 16:04:09 STUDY
31.03.2015 16:04:09 dStudyInstanceUID=1.2.840.113619.2.21.848.246800003.0.1952805748.3
31.03.2015 16:04:30 STUDY
31.03.2015 16:04:30 dStudyInstanceUID=2014.03.21.14.41.01.50370
31.03.2015 16:04:50 STUDY
31.03.2015 16:04:50 dStudyInstanceUID=1.2.840.113680.1.103.53442.1023197599.171350
31.03.2015 16:05:00 STUDY
31.03.2015 16:05:00 dStudyInstanceUID=1.2.840.113663.1500.1.197934949.1.1.20140812.162404.15_89
31.03.2015 16:05:11 STUDY
31.03.2015 16:05:11 dStudyInstanceUID=ST7741034.2014.11.11.10.6.24.83
31.03.2015 16:24:56 STUDY
31.03.2015 16:24:56 dStudyInstanceUID=1.2.840.113704.1.111.4588.1421308900.14
31.03.2015 16:33:07 STUDY
31.03.2015 16:33:07 dStudyInstanceUID=1.2.840.113704.1.111.4588.1421308900.14
17.04.2015 9:15:20 STUDY
17.04.2015 9:15:20 dStudyInstanceUID=1.2.840.113704.1.111.4588.1421305681.10
17.04.2015 9:15:39 STUDY
17.04.2015 9:15:39 dStudyInstanceUID=1.2.840.113704.1.111.4588.1421305681.10
20.04.2015 13:56:24 STUDY
20.04.2015 13:56:24 dStudyInstanceUID=1.2.840.113704.1.111.4588.1421305681.10
20.04.2015 13:57:57 STUDY
20.04.2015 13:57:57 dStudyInstanceUID=1.2.840.113704.1.111.4588.1421308900.14
20.04.2015 13:59:25 STUDY
20.04.2015 13:59:25 dStudyInstanceUID=1.2.840.113704.1.111.4588.1421308900.14
23.04.2015 16:45:11 STUDY
23.04.2015 16:45:11 dStudyInstanceUID=1.3.46.670589.11.21162.5.0.7224.2014122309184792293
